[debug] [2019-07-04T05:54:38.700Z] ----------------------------------------------------------------------
[debug] [2019-07-04T05:54:38.704Z] Command:       C:\Program Files\nodejs\node.exe C:\Users\Rubens\AppData\Roaming\npm\node_modules\firebase-tools\lib\bin\firebase.js deploy
[debug] [2019-07-04T05:54:38.704Z] CLI Version:   7.0.2
[debug] [2019-07-04T05:54:38.704Z] Platform:      win32
[debug] [2019-07-04T05:54:38.704Z] Node Version:  v10.16.0
[debug] [2019-07-04T05:54:38.705Z] Time:          Thu Jul 04 2019 02:54:38 GMT-0300 (GMT-03:00)
[debug] [2019-07-04T05:54:38.705Z] ----------------------------------------------------------------------
[debug] 
[debug] [2019-07-04T05:54:38.720Z] > command requires scopes: ["email","openid","https://www.googleapis.com/auth/cloudplatformprojects.readonly","https://www.googleapis.com/auth/firebase","https://www.googleapis.com/auth/cloud-platform"]
[debug] [2019-07-04T05:54:38.720Z] > authorizing via signed-in user
[debug] [2019-07-04T05:54:38.728Z] [iam] checking project starshipcalc for permissions ["firebase.projects.get","firebasehosting.sites.update"]
[debug] [2019-07-04T05:54:38.731Z] >>> HTTP REQUEST POST https://cloudresourcemanager.googleapis.com/v1/projects/starshipcalc:testIamPermissions  

[debug] [2019-07-04T05:54:39.753Z] <<< HTTP RESPONSE 200
[debug] [2019-07-04T05:54:39.760Z] >>> HTTP REQUEST GET https://firebase.googleapis.com/v1beta1/projects/starshipcalc  
 
[debug] [2019-07-04T05:54:41.029Z] <<< HTTP RESPONSE 200
[info] 
[info] === Deploying to 'starshipcalc'...
[info] 
[info] i  deploying hosting
[debug] [2019-07-04T05:54:41.047Z] >>> HTTP REQUEST POST https://firebasehosting.googleapis.com/v1beta1/sites/starshipcalc/versions  

[debug] [2019-07-04T05:54:42.618Z] <<< HTTP RESPONSE 200
[info] i  hosting[starshipcalc]: beginning deploy...
[info] i  hosting[starshipcalc]: found 55 files in dist
[debug] [2019-07-04T05:54:42.675Z] [hosting] hash cache [ZGlzdA] not populated
[debug] [2019-07-04T05:54:42.893Z] [hosting] hash cache [ZGlzdA] stored for 55 files
[debug] [2019-07-04T05:54:42.894Z] [hosting][hash queue][FINAL]
[debug] [2019-07-04T05:54:42.894Z] >>> HTTP REQUEST POST https://firebasehosting.googleapis.com/v1beta1/sites/starshipcalc/versions/6a9eb0430d228c99:populateFiles  
 <request body omitted>
[debug] [2019-07-04T05:54:44.899Z] <<< HTTP RESPONSE 200
[debug] [2019-07-04T05:54:44.931Z] [hosting][populate queue][FINAL]
[debug] [2019-07-04T05:54:44.931Z] [hosting] uploads queued: 53
